[0m00:42:08.642847 [debug] [MainThread]: Sending event: {'category': 'dbt', 'action': 'invocation', 'label': 'start', 'context': [<snowplow_tracker.self_describing_json.SelfDescribingJson object at 0x00000205E6154050>, <snowplow_tracker.self_describing_json.SelfDescribingJson object at 0x00000205E61862A0>, <snowplow_tracker.self_describing_json.SelfDescribingJson object at 0x00000205E6187E30>]}


============================== 00:42:08.690454 | 8babfd43-d4a4-4d2c-96fb-6347a32f407c ==============================
[0m00:42:08.690454 [info ] [MainThread]: Running with dbt=1.9.4
[0m00:42:08.691134 [debug] [MainThread]: running dbt with arguments {'printer_width': '80', 'indirect_selection': 'eager', 'write_json': 'True', 'log_cache_events': 'False', 'partial_parse': 'True', 'cache_selected_only': 'False', 'profiles_dir': 'C:\\Users\\Uso Pessoal\\.dbt', 'fail_fast': 'False', 'debug': 'False', 'log_path': 'logs', 'version_check': 'True', 'warn_error': 'None', 'use_colors': 'True', 'use_experimental_parser': 'False', 'no_print': 'None', 'quiet': 'False', 'empty': 'None', 'log_format': 'default', 'static_parser': 'True', 'introspect': 'True', 'invocation_command': 'dbt init', 'target_path': 'None', 'warn_error_options': 'WarnErrorOptions(include=[], exclude=[])', 'send_anonymous_usage_stats': 'True'}
[0m00:42:08.855082 [warn ] [MainThread]: [ConfigFolderDirectory]: Unable to parse logging event dictionary. Failed to parse dir field: expected string or bytes-like object, got 'WindowsPath'.. Dictionary: {'dir': WindowsPath('C:/Users/Uso Pessoal/.dbt')}
[0m00:42:08.856082 [info ] [MainThread]: Creating dbt configuration folder at 
[0m00:45:26.488497 [debug] [MainThread]: Starter project path: C:\Users\Uso Pessoal\Desktop\Estudos\Jornada_Dados\Projeto_DBT\.venv\Lib\site-packages\dbt\include\starter_project
[0m00:45:26.517212 [info ] [MainThread]: 
Your new dbt project "northwind" was created!

For more information on how to configure the profiles.yml file,
please consult the dbt documentation here:

  https://docs.getdbt.com/docs/configure-your-profile

One more thing:

Need help? Don't hesitate to reach out to us via GitHub issues or on Slack:

  https://community.getdbt.com/

Happy modeling!

[0m00:45:26.517212 [info ] [MainThread]: Setting up your profile.
[0m00:47:58.280138 [info ] [MainThread]: Profile northwind written to C:\Users\Uso Pessoal\.dbt\profiles.yml using target's profile_template.yml and your supplied values. Run 'dbt debug' to validate the connection.
[0m00:47:58.283057 [debug] [MainThread]: Command `dbt init` succeeded at 00:47:58.283057 after 349.87 seconds
[0m00:47:58.284548 [debug] [MainThread]: Sending event: {'category': 'dbt', 'action': 'invocation', 'label': 'end', 'context': [<snowplow_tracker.self_describing_json.SelfDescribingJson object at 0x00000205E7C95A30>, <snowplow_tracker.self_describing_json.SelfDescribingJson object at 0x00000205E6B633B0>, <snowplow_tracker.self_describing_json.SelfDescribingJson object at 0x00000205E7DB7260>]}
[0m00:47:58.285548 [debug] [MainThread]: Flushing usage events
[0m00:47:59.344550 [debug] [MainThread]: An error was encountered while trying to flush usage events
[0m00:48:16.726584 [debug] [MainThread]: Sending event: {'category': 'dbt', 'action': 'invocation', 'label': 'start', 'context': [<snowplow_tracker.self_describing_json.SelfDescribingJson object at 0x000001D145CE1E50>, <snowplow_tracker.self_describing_json.SelfDescribingJson object at 0x000001D147D1BBF0>, <snowplow_tracker.self_describing_json.SelfDescribingJson object at 0x000001D14845E570>]}


============================== 00:48:16.735048 | d7bc588f-a708-4383-a317-224a70363dda ==============================
[0m00:48:16.735048 [info ] [MainThread]: Running with dbt=1.9.4
[0m00:48:16.736711 [debug] [MainThread]: running dbt with arguments {'printer_width': '80', 'indirect_selection': 'eager', 'log_cache_events': 'False', 'write_json': 'True', 'partial_parse': 'True', 'cache_selected_only': 'False', 'profiles_dir': 'C:\\Users\\Uso Pessoal\\.dbt', 'debug': 'False', 'fail_fast': 'False', 'log_path': 'logs', 'version_check': 'True', 'warn_error': 'None', 'use_colors': 'True', 'use_experimental_parser': 'False', 'no_print': 'None', 'quiet': 'False', 'empty': 'None', 'warn_error_options': 'WarnErrorOptions(include=[], exclude=[])', 'invocation_command': 'dbt debug', 'static_parser': 'True', 'introspect': 'True', 'target_path': 'None', 'log_format': 'default', 'send_anonymous_usage_stats': 'True'}
[0m00:48:16.841897 [info ] [MainThread]: dbt version: 1.9.4
[0m00:48:16.842899 [info ] [MainThread]: python version: 3.12.8
[0m00:48:16.843898 [info ] [MainThread]: python path: C:\Users\Uso Pessoal\Desktop\Estudos\Jornada_Dados\Projeto_DBT\.venv\Scripts\python.exe
[0m00:48:16.843898 [info ] [MainThread]: os info: Windows-11-10.0.26100-SP0
[0m00:48:16.984018 [info ] [MainThread]: Using profiles dir at C:\Users\Uso Pessoal\.dbt
[0m00:48:16.985023 [info ] [MainThread]: Using profiles.yml file at C:\Users\Uso Pessoal\.dbt\profiles.yml
[0m00:48:16.985530 [info ] [MainThread]: Using dbt_project.yml file at C:\Users\Uso Pessoal\Desktop\Estudos\Jornada_Dados\Projeto_DBT\dbt_project.yml
[0m00:48:16.992307 [info ] [MainThread]: adapter type: postgres
[0m00:48:16.992307 [info ] [MainThread]: adapter version: 1.9.0
[0m00:48:16.993814 [info ] [MainThread]: Configuration:
[0m00:48:16.994827 [info ] [MainThread]:   profiles.yml file [[32mOK found and valid[0m]
[0m00:48:16.994827 [info ] [MainThread]:   dbt_project.yml file [[31mERROR not found[0m]
[0m00:48:16.996057 [info ] [MainThread]: Required dependencies:
[0m00:48:16.996627 [debug] [MainThread]: Executing "git --help"
[0m00:48:17.038655 [debug] [MainThread]: STDOUT: "b"usage: git [-v | --version] [-h | --help] [-C <path>] [-c <name>=<value>]\n           [--exec-path[=<path>]] [--html-path] [--man-path] [--info-path]\n           [-p | --paginate | -P | --no-pager] [--no-replace-objects] [--no-lazy-fetch]\n           [--no-optional-locks] [--no-advice] [--bare] [--git-dir=<path>]\n           [--work-tree=<path>] [--namespace=<name>] [--config-env=<name>=<envvar>]\n           <command> [<args>]\n\nThese are common Git commands used in various situations:\n\nstart a working area (see also: git help tutorial)\n   clone     Clone a repository into a new directory\n   init      Create an empty Git repository or reinitialize an existing one\n\nwork on the current change (see also: git help everyday)\n   add       Add file contents to the index\n   mv        Move or rename a file, a directory, or a symlink\n   restore   Restore working tree files\n   rm        Remove files from the working tree and from the index\n\nexamine the history and state (see also: git help revisions)\n   bisect    Use binary search to find the commit that introduced a bug\n   diff      Show changes between commits, commit and working tree, etc\n   grep      Print lines matching a pattern\n   log       Show commit logs\n   show      Show various types of objects\n   status    Show the working tree status\n\ngrow, mark and tweak your common history\n   branch    List, create, or delete branches\n   commit    Record changes to the repository\n   merge     Join two or more development histories together\n   rebase    Reapply commits on top of another base tip\n   reset     Reset current HEAD to the specified state\n   switch    Switch branches\n   tag       Create, list, delete or verify a tag object signed with GPG\n\ncollaborate (see also: git help workflows)\n   fetch     Download objects and refs from another repository\n   pull      Fetch from and integrate with another repository or a local branch\n   push      Update remote refs along with associated objects\n\n'git help -a' and 'git help -g' list available subcommands and some\nconcept guides. See 'git help <command>' or 'git help <concept>'\nto read about a specific subcommand or concept.\nSee 'git help git' for an overview of the system.\n""
[0m00:48:17.040166 [debug] [MainThread]: STDERR: "b''"
[0m00:48:17.041196 [info ] [MainThread]:  - git [[32mOK found[0m]

[0m00:48:17.041196 [info ] [MainThread]: Connection:
[0m00:48:17.041196 [info ] [MainThread]:   host: localhost
[0m00:48:17.042937 [info ] [MainThread]:   port: 5432
[0m00:48:17.042937 [info ] [MainThread]:   user: postgres
[0m00:48:17.043945 [info ] [MainThread]:   database: Northwind
[0m00:48:17.043945 [info ] [MainThread]:   schema: public
[0m00:48:17.045171 [info ] [MainThread]:   connect_timeout: 10
[0m00:48:17.045171 [info ] [MainThread]:   role: None
[0m00:48:17.046178 [info ] [MainThread]:   search_path: None
[0m00:48:17.046178 [info ] [MainThread]:   keepalives_idle: 0
[0m00:48:17.047250 [info ] [MainThread]:   sslmode: None
[0m00:48:17.047250 [info ] [MainThread]:   sslcert: None
[0m00:48:17.048586 [info ] [MainThread]:   sslkey: None
[0m00:48:17.048586 [info ] [MainThread]:   sslrootcert: None
[0m00:48:17.049682 [info ] [MainThread]:   application_name: dbt
[0m00:48:17.049682 [info ] [MainThread]:   retries: 1
[0m00:48:17.050686 [info ] [MainThread]: Registered adapter: postgres=1.9.0
[0m00:48:17.334139 [debug] [MainThread]: Acquiring new postgres connection 'debug'
[0m00:48:17.458062 [debug] [MainThread]: Using postgres connection "debug"
[0m00:48:17.459058 [debug] [MainThread]: On debug: select 1 as id
[0m00:48:17.459058 [debug] [MainThread]: Opening a new connection, currently in state init
[0m00:48:17.511781 [debug] [MainThread]: SQL status: SELECT 1 in 0.052 seconds
[0m00:48:17.512786 [debug] [MainThread]: On debug: Close
[0m00:48:17.512786 [info ] [MainThread]:   Connection test: [[32mOK connection ok[0m]

[0m00:48:17.513794 [info ] [MainThread]: [31m1 check failed:[0m
[0m00:48:17.514805 [info ] [MainThread]: Project loading failed for the following reason:
 project path <C:\Users\Uso Pessoal\Desktop\Estudos\Jornada_Dados\Projeto_DBT\dbt_project.yml> not found

[0m00:48:17.515310 [debug] [MainThread]: Command `dbt debug` failed at 00:48:17.515310 after 0.96 seconds
[0m00:48:17.516324 [debug] [MainThread]: Connection 'debug' was properly closed.
[0m00:48:17.516324 [debug] [MainThread]: Sending event: {'category': 'dbt', 'action': 'invocation', 'label': 'end', 'context': [<snowplow_tracker.self_describing_json.SelfDescribingJson object at 0x000001D1487A9160>, <snowplow_tracker.self_describing_json.SelfDescribingJson object at 0x000001D149E6C110>, <snowplow_tracker.self_describing_json.SelfDescribingJson object at 0x000001D1488A2E40>]}
[0m00:48:17.517318 [debug] [MainThread]: Flushing usage events
[0m00:48:18.113958 [debug] [MainThread]: An error was encountered while trying to flush usage events
[0m00:49:47.337055 [debug] [MainThread]: Sending event: {'category': 'dbt', 'action': 'invocation', 'label': 'start', 'context': [<snowplow_tracker.self_describing_json.SelfDescribingJson object at 0x000001668CD9B0E0>, <snowplow_tracker.self_describing_json.SelfDescribingJson object at 0x000001668D4FBE30>, <snowplow_tracker.self_describing_json.SelfDescribingJson object at 0x000001668D1A3A40>]}


============================== 00:49:47.342556 | ecb9bc5c-e937-4680-9857-f0585c2b82f7 ==============================
[0m00:49:47.342556 [info ] [MainThread]: Running with dbt=1.9.4
[0m00:49:47.342556 [debug] [MainThread]: running dbt with arguments {'printer_width': '80', 'indirect_selection': 'eager', 'write_json': 'True', 'log_cache_events': 'False', 'partial_parse': 'True', 'cache_selected_only': 'False', 'profiles_dir': 'C:\\Users\\Uso Pessoal\\.dbt', 'debug': 'False', 'warn_error': 'None', 'log_path': 'logs', 'fail_fast': 'False', 'version_check': 'True', 'use_colors': 'True', 'use_experimental_parser': 'False', 'empty': 'None', 'quiet': 'False', 'no_print': 'None', 'warn_error_options': 'WarnErrorOptions(include=[], exclude=[])', 'introspect': 'True', 'log_format': 'default', 'invocation_command': 'dbt debug', 'target_path': 'None', 'static_parser': 'True', 'send_anonymous_usage_stats': 'True'}
[0m00:49:47.366159 [info ] [MainThread]: dbt version: 1.9.4
[0m00:49:47.367210 [info ] [MainThread]: python version: 3.12.8
[0m00:49:47.368423 [info ] [MainThread]: python path: C:\Users\Uso Pessoal\Desktop\Estudos\Jornada_Dados\Projeto_DBT\.venv\Scripts\python.exe
[0m00:49:47.369871 [info ] [MainThread]: os info: Windows-11-10.0.26100-SP0
[0m00:49:47.442252 [info ] [MainThread]: Using profiles dir at C:\Users\Uso Pessoal\.dbt
[0m00:49:47.443267 [info ] [MainThread]: Using profiles.yml file at C:\Users\Uso Pessoal\.dbt\profiles.yml
[0m00:49:47.444332 [info ] [MainThread]: Using dbt_project.yml file at C:\Users\Uso Pessoal\Desktop\Estudos\Jornada_Dados\Projeto_DBT\dbt_project.yml
[0m00:49:47.448599 [info ] [MainThread]: adapter type: postgres
[0m00:49:47.449859 [info ] [MainThread]: adapter version: 1.9.0
[0m00:49:47.450872 [info ] [MainThread]: Configuration:
[0m00:49:47.452888 [info ] [MainThread]:   profiles.yml file [[32mOK found and valid[0m]
[0m00:49:47.453871 [info ] [MainThread]:   dbt_project.yml file [[31mERROR not found[0m]
[0m00:49:47.454377 [info ] [MainThread]: Required dependencies:
[0m00:49:47.454881 [debug] [MainThread]: Executing "git --help"
[0m00:49:47.495160 [debug] [MainThread]: STDOUT: "b"usage: git [-v | --version] [-h | --help] [-C <path>] [-c <name>=<value>]\n           [--exec-path[=<path>]] [--html-path] [--man-path] [--info-path]\n           [-p | --paginate | -P | --no-pager] [--no-replace-objects] [--no-lazy-fetch]\n           [--no-optional-locks] [--no-advice] [--bare] [--git-dir=<path>]\n           [--work-tree=<path>] [--namespace=<name>] [--config-env=<name>=<envvar>]\n           <command> [<args>]\n\nThese are common Git commands used in various situations:\n\nstart a working area (see also: git help tutorial)\n   clone     Clone a repository into a new directory\n   init      Create an empty Git repository or reinitialize an existing one\n\nwork on the current change (see also: git help everyday)\n   add       Add file contents to the index\n   mv        Move or rename a file, a directory, or a symlink\n   restore   Restore working tree files\n   rm        Remove files from the working tree and from the index\n\nexamine the history and state (see also: git help revisions)\n   bisect    Use binary search to find the commit that introduced a bug\n   diff      Show changes between commits, commit and working tree, etc\n   grep      Print lines matching a pattern\n   log       Show commit logs\n   show      Show various types of objects\n   status    Show the working tree status\n\ngrow, mark and tweak your common history\n   branch    List, create, or delete branches\n   commit    Record changes to the repository\n   merge     Join two or more development histories together\n   rebase    Reapply commits on top of another base tip\n   reset     Reset current HEAD to the specified state\n   switch    Switch branches\n   tag       Create, list, delete or verify a tag object signed with GPG\n\ncollaborate (see also: git help workflows)\n   fetch     Download objects and refs from another repository\n   pull      Fetch from and integrate with another repository or a local branch\n   push      Update remote refs along with associated objects\n\n'git help -a' and 'git help -g' list available subcommands and some\nconcept guides. See 'git help <command>' or 'git help <concept>'\nto read about a specific subcommand or concept.\nSee 'git help git' for an overview of the system.\n""
[0m00:49:47.495160 [debug] [MainThread]: STDERR: "b''"
[0m00:49:47.495160 [info ] [MainThread]:  - git [[32mOK found[0m]

[0m00:49:47.496659 [info ] [MainThread]: Connection:
[0m00:49:47.497667 [info ] [MainThread]:   host: localhost
[0m00:49:47.497667 [info ] [MainThread]:   port: 5432
[0m00:49:47.497667 [info ] [MainThread]:   user: postgres
[0m00:49:47.499064 [info ] [MainThread]:   database: Northwind
[0m00:49:47.499064 [info ] [MainThread]:   schema: public
[0m00:49:47.500077 [info ] [MainThread]:   connect_timeout: 10
[0m00:49:47.501086 [info ] [MainThread]:   role: None
[0m00:49:47.502116 [info ] [MainThread]:   search_path: None
[0m00:49:47.503125 [info ] [MainThread]:   keepalives_idle: 0
[0m00:49:47.505720 [info ] [MainThread]:   sslmode: None
[0m00:49:47.506745 [info ] [MainThread]:   sslcert: None
[0m00:49:47.507763 [info ] [MainThread]:   sslkey: None
[0m00:49:47.508310 [info ] [MainThread]:   sslrootcert: None
[0m00:49:47.508817 [info ] [MainThread]:   application_name: dbt
[0m00:49:47.509825 [info ] [MainThread]:   retries: 1
[0m00:49:47.510328 [info ] [MainThread]: Registered adapter: postgres=1.9.0
[0m00:49:47.772172 [debug] [MainThread]: Acquiring new postgres connection 'debug'
[0m00:49:47.876577 [debug] [MainThread]: Using postgres connection "debug"
[0m00:49:47.877583 [debug] [MainThread]: On debug: select 1 as id
[0m00:49:47.877583 [debug] [MainThread]: Opening a new connection, currently in state init
[0m00:49:47.929869 [debug] [MainThread]: SQL status: SELECT 1 in 0.052 seconds
[0m00:49:47.931244 [debug] [MainThread]: On debug: Close
[0m00:49:47.931244 [info ] [MainThread]:   Connection test: [[32mOK connection ok[0m]

[0m00:49:47.932243 [info ] [MainThread]: [31m1 check failed:[0m
[0m00:49:47.933751 [info ] [MainThread]: Project loading failed for the following reason:
 project path <C:\Users\Uso Pessoal\Desktop\Estudos\Jornada_Dados\Projeto_DBT\dbt_project.yml> not found

[0m00:49:47.935290 [debug] [MainThread]: Command `dbt debug` failed at 00:49:47.934762 after 0.81 seconds
[0m00:49:47.936180 [debug] [MainThread]: Connection 'debug' was properly closed.
[0m00:49:47.936180 [debug] [MainThread]: Sending event: {'category': 'dbt', 'action': 'invocation', 'label': 'end', 'context': [<snowplow_tracker.self_describing_json.SelfDescribingJson object at 0x000001668D52B290>, <snowplow_tracker.self_describing_json.SelfDescribingJson object at 0x000001668C734F20>, <snowplow_tracker.self_describing_json.SelfDescribingJson object at 0x000001668AF80380>]}
[0m00:49:47.937256 [debug] [MainThread]: Flushing usage events
[0m00:49:48.769125 [debug] [MainThread]: An error was encountered while trying to flush usage events
